<?xml version="1.0" encoding="UTF-8"?>
<!-- Generated by org.testng.reporters.JUnitReportReporter -->
<testsuite hostname="BISWAJIT2000" failures="0" tests="1" name="com.practice.IshinePortal" time="386.433" errors="0" timestamp="2023-04-04T11:05:24 IST" skipped="0">
  <testcase classname="com.practice.IshinePortal" name="Testcase1" time="386.433"/>
  <system-out/>
</testsuite> <!-- com.practice.IshinePortal -->
